[2026-04-18 01:43:26] File removed: ../home/user/test3/gets.txt
[2026-04-18 01:43:55] File uploaded: ../home/user/test3/gets.txt, size: 176 bytes
[2026-04-19 23:59:52] User unknown disconnected
[2026-04-20 00:00:16] User unknown disconnected
[2026-04-20 00:05:49] User unknown disconnected
[2026-04-20 00:06:26] User huahuo registered
[2026-04-20 00:06:26] User unknown disconnected
[2026-04-20 00:08:08] User unknown disconnected
[2026-04-20 00:08:35] User huahuo logged in
[2026-04-20 00:08:35] User huahuo disconnected
[2026-04-20 00:15:04] User huahuo logged in
[2026-04-20 00:15:04] User huahuo disconnected
[2026-04-20 00:37:32] User huahuo logged in
[2026-04-20 00:37:44] User huahuo disconnected
[2026-04-20 00:38:00] User huahuo logged in
[2026-04-20 00:38:15] User huahuo disconnected
[2026-04-20 00:41:16] User unknown disconnected
[2026-04-20 00:41:55] User unknown disconnected
[2026-04-20 00:44:45] User unknown disconnected
[2026-04-20 00:46:02] User gzh registered
[2026-04-20 00:46:26] User unknown disconnected
[2026-04-20 00:48:21] User unknown disconnected
[2026-04-20 00:51:08] User huahuo logged in
[2026-04-20 00:51:18] User huahuo disconnected
[2026-04-20 00:51:48] User gzh logged in
[2026-04-20 00:51:49] User gzh disconnected
[2026-04-20 15:24:16] User gzh disconnected
[2026-04-20 15:25:34] User gzh registered
[2026-04-20 15:25:52] User unknown disconnected
[2026-04-20 15:26:09] User gzh logged in
[2026-04-20 15:39:36] User gzh logged in
[2026-04-20 15:40:44] User gzh disconnected
[2026-04-20 15:47:34] User gzh logged in
[2026-04-20 15:48:32] User gzh disconnected
[2026-04-20 15:52:03] User gzh logged in
[2026-04-20 15:54:28] User gzh disconnected
[2026-04-20 15:55:49] User gzh logged in
[2026-04-20 15:56:02] User gzh disconnected
[2026-04-20 15:56:08] User gzh logged in
[2026-04-20 15:56:58] User gzh disconnected
[2026-04-20 16:03:34] User gzh logged in
[2026-04-20 16:03:41] User gzh disconnected
[2026-04-20 16:03:58] User gzh logged in
[2026-04-20 16:04:04] User gzh disconnected
[2026-04-20 16:04:59] User gzh logged in
[2026-04-20 16:05:07] User gzh disconnected
[2026-04-20 16:05:30] User gzh logged in
[2026-04-20 16:05:44] User gzh disconnected
[2026-04-20 16:14:47] User gzh logged in
[2026-04-20 16:29:05] User gzh logged in
[2026-04-20 16:30:59] User gzh disconnected
[2026-04-20 16:31:11] User gzh logged in
[2026-04-20 16:33:13] User gzh disconnected
[2026-04-20 16:33:27] User gzh logged in
[2026-04-20 16:34:38] User gzh disconnected
[2026-04-20 16:43:27] User gzh logged in
[2026-04-20 16:47:36] User gzh disconnected
[2026-04-20 17:49:43] User gzh logged in
[2026-04-20 17:49:55] User gzh created directory: test3
[2026-04-20 17:50:00] User gzh disconnected
[2026-04-20 17:50:11] User gzh logged in
[2026-04-20 17:50:24] User gzh created directory: test4
[2026-04-20 17:50:30] User gzh disconnected
[2026-04-20 18:58:40] User hhl registered
[2026-04-20 18:58:52] User unknown disconnected
[2026-04-20 18:59:11] User hhl logged in
[2026-04-20 18:59:15] User hhl disconnected
[2026-04-20 18:59:26] User hhl logged in
[2026-04-20 18:59:31] User hhl disconnected
[2026-04-20 18:59:41] User hhl logged in
[2026-04-20 18:59:51] User hhl created directory: t1
[2026-04-20 19:00:02] User hhl created directory: t2
[2026-04-20 19:00:20] User hhl disconnected
[2026-04-20 19:03:13] User ywj registered
[2026-04-20 19:03:20] User unknown disconnected
[2026-04-20 19:03:49] User hhh registered
[2026-04-20 19:04:00] User unknown disconnected
[2026-04-20 19:07:40] User qqq registered
[2026-04-20 19:08:35] User unknown disconnected
[2026-04-20 19:08:46] User www registered
[2026-04-20 19:09:49] User  created directory: t1
[2026-04-20 19:12:30] User unknown disconnected
[2026-04-20 19:12:49] User eee registered
[2026-04-20 19:13:00] User eee created directory: 1
[2026-04-20 19:13:07] User eee created directory: 2
[2026-04-20 19:13:59] User eee disconnected
[2026-04-20 19:14:40] User unknown disconnected
[2026-04-20 19:15:38] User unknown disconnected
[2026-04-20 19:18:50] User gzh logged in
[2026-04-20 19:19:28] User gzh disconnected
[2026-04-20 19:19:55] User unknown disconnected
[2026-04-20 19:35:55] User gzh logged in
[2026-04-20 19:37:28] User gzh disconnected
[2026-04-20 19:37:40] User gzh logged in
[2026-04-20 19:38:40] User gzh disconnected
[2026-04-20 19:38:50] User gzh logged in
[2026-04-20 19:42:36] User gzh disconnected
[2026-04-20 20:03:02] User gzh logged in
[2026-04-20 20:03:35] User gzh removed directory id=5
[2026-04-20 20:05:23] User gzh disconnected
[2026-04-20 20:43:49] User gzh logged in
[2026-04-20 20:44:11] User gzh disconnected
[2026-04-20 20:51:33] User gzh logged in
[2026-04-20 20:51:50] User gzh disconnected
[2026-04-20 20:53:21] User gzh logged in
[2026-04-20 20:53:47] User gzh disconnected
[2026-04-20 21:42:53] User gzh logged in
[2026-04-20 21:43:31] User gzh created directory: 1
[2026-04-20 21:43:32] User gzh created directory: 2
[2026-04-20 21:43:34] User gzh created directory: 3
[2026-04-20 21:43:36] User gzh created directory: 4
[2026-04-20 21:44:10] User gzh disconnected
[2026-04-20 21:44:16] User gzh logged in
[2026-04-20 21:44:33] User gzh disconnected
[2026-04-20 21:45:52] User gzh logged in
[2026-04-20 21:46:22] User gzh disconnected
[2026-04-22 21:15:22] User gzh logged in
[2026-04-22 21:15:50] User gzh disconnected
[2026-04-22 21:52:29] User gzh logged in
[2026-04-22 21:52:59] User gzh disconnected
[2026-04-23 09:15:30] User gzh logged in
[2026-04-23 09:15:59] User gzh disconnected
[2026-04-23 09:16:07] User gzh logged in
[2026-04-23 09:16:49] User gzh disconnected
[2026-04-23 09:17:04] User gzh logged in
[2026-04-23 09:18:41] User gzh disconnected
[2026-04-23 09:23:49] User gzh logged in
[2026-04-23 09:25:12] User gzh disconnected
[2026-04-23 10:11:50] User gzh logged in
[2026-04-23 10:12:06] User gzh created directory path: 2
[2026-04-23 10:12:26] User gzh removed /1
[2026-04-23 10:12:33] User gzh created directory path: 1
[2026-04-23 10:12:35] User gzh removed /1
[2026-04-23 10:13:10] User gzh disconnected
[2026-04-23 10:14:08] User gzh logged in
[2026-04-23 10:14:18] User gzh start upload /123.c
[2026-04-23 10:14:18] User gzh completed upload /123.c (445 bytes)
[2026-04-23 10:14:39] User gzh downloaded 123.c (offset 0, 445 bytes)
[2026-04-23 10:14:59] User gzh downloaded 123.c (offset 0, 445 bytes)
[2026-04-23 10:15:10] User gzh downloaded 123.c (offset 0, 445 bytes)
[2026-04-23 10:15:40] User gzh disconnected
[2026-04-23 10:57:40] User gzh logged in
[2026-04-23 10:58:55] User gzh disconnected
[2026-04-23 10:59:07] User gzh logged in
[2026-04-23 10:59:37] User gzh downloaded 123.c (offset 0, 445 bytes)
[2026-04-23 10:59:43] User gzh downloaded 123.c (offset 0, 445 bytes)
[2026-04-23 11:00:24] User gzh start upload /2.c
[2026-04-23 11:00:24] User gzh completed upload /2.c (774 bytes)
[2026-04-23 11:00:53] User gzh disconnected
[2026-04-23 11:03:24] User gzh logged in
[2026-04-23 11:03:46] User gzh start upload /large.txt
[2026-04-23 11:03:48] User gzh disconnected
[2026-04-23 11:04:39] User gzh logged in
[2026-04-23 11:04:55] User gzh resume upload /large.txt at offset 186122192
[2026-04-23 11:05:03] User gzh completed upload /large.txt (1086415135 bytes)
[2026-04-23 11:05:12] User gzh disconnected
[2026-04-23 11:19:57] User gzh logged in
[2026-04-23 11:20:57] User gzh disconnected
[2026-04-23 14:25:21] User gzh logged in
[2026-04-23 14:25:23] User gzh disconnected
[2026-04-23 14:26:32] User unknown disconnected
[2026-04-23 20:10:15] User gzh logged in
[2026-04-23 20:10:42] User gzh start upload /1.c
[2026-04-23 20:11:03] User gzh disconnected
[2026-04-23 20:11:11] User gzh logged in
[2026-04-23 20:11:24] User gzh start upload /1.c
[2026-04-23 20:11:24] User gzh completed upload /1.c (445 bytes)
[2026-04-23 20:11:37] User gzh start upload /2.c
[2026-04-23 20:11:37] User gzh completed upload /2.c (774 bytes)
[2026-04-23 20:11:52] User gzh start upload /3.c
[2026-04-23 20:13:08] User gzh disconnected
[2026-04-23 20:13:21] User gzh logged in
[2026-04-23 20:14:20] User gzh disconnected
[2026-04-23 20:28:20] User gzh logged in
[2026-04-23 20:28:56] User gzh disconnected
[2026-04-23 20:29:12] User gzh logged in
[2026-04-23 20:29:26] User gzh sec-upload /3.c (hash: 02fa6cd54155edcf940307056cc11d23b678250aaad7407695b0860c1e7bbae0)
[2026-04-23 20:29:39] User gzh sec-upload /4.c (hash: 02fa6cd54155edcf940307056cc11d23b678250aaad7407695b0860c1e7bbae0)
[2026-04-23 20:30:01] User gzh start upload /5.c
[2026-04-23 20:30:02] User gzh disconnected
[2026-04-24 14:44:55] User gzh logged in
[2026-04-24 14:45:11] User gzh disconnected
[2026-04-24 14:45:17] User gzh logged in
[2026-04-24 14:45:34] User gzh sec-upload /big.txt (hash: 4c23bb6893ea7a2a6a8f7f5ea349b3d569205e354697ab2914092c7ca926c257)
[2026-04-24 14:45:38] User gzh disconnected
[2026-04-24 14:46:19] User gzh logged in
[2026-04-24 14:46:36] User gzh start upload /big.txt
[2026-04-24 14:46:39] User gzh disconnected
[2026-04-24 14:48:32] User gzh disconnected
[2026-04-24 14:48:45] User gzh disconnected
[2026-04-24 14:48:52] User gzh disconnected
[2026-04-24 14:49:03] User gzh disconnected
[2026-04-24 14:49:22] User unknown disconnected
[2026-04-24 14:49:36] User gzh registered
[2026-04-24 14:49:37] User gzh disconnected
[2026-04-24 14:49:42] User unknown disconnected
[2026-04-24 14:49:47] User gzh logged in
[2026-04-24 14:50:01] User gzh resume upload /big.txt at offset 345324261
[2026-04-24 14:50:07] User gzh completed upload /big.txt (1086415135 bytes)
[2026-04-24 14:51:07] User gzh disconnected
[2026-04-24 14:51:29] User gzh logged in
[2026-04-24 14:51:41] User gzh sec-upload /big_bak.txt (hash: 4c23bb6893ea7a2a6a8f7f5ea349b3d569205e354697ab2914092c7ca926c257)
[2026-04-24 14:51:43] User gzh disconnected
[2026-04-24 14:55:06] User gzh logged in
[2026-04-24 14:55:29] User gzh downloaded big.txt (offset 0, 1086415135 bytes)
[2026-04-24 14:55:36] User gzh disconnected
[2026-04-24 14:55:51] User gzh logged in
[2026-04-24 14:56:08] User gzh downloaded big.txt (offset 0, 1086415135 bytes)
[2026-04-24 14:56:09] User gzh disconnected
[2026-04-24 14:56:17] User gzh logged in
[2026-04-24 14:56:26] User gzh downloaded big.txt (offset 0, 1086415135 bytes)
[2026-04-24 14:56:26] User gzh disconnected
[2026-04-24 14:57:01] User gzh logged in
[2026-04-24 14:57:09] User gzh downloaded big.txt (offset 941891584, 144523551 bytes)
[2026-04-24 14:57:26] User gzh disconnected
